<?xml version="1.0" encoding="UTF-8"?>
<!-- Generated by org.testng.reporters.JUnitReportReporter -->
<testsuite hostname="DESKTOP-M320DHQ" failures="0" tests="4" name="api.test.UserTests" time="8.653" errors="0" timestamp="2024-06-17T16:47:52 IST" skipped="0">
  <testcase classname="api.test.UserTests" name="testPostUser" time="4.011"/>
  <system-out/>
  <testcase classname="api.test.UserTests" name="testGetUserByName" time="1.589"/>
  <system-out/>
  <testcase classname="api.test.UserTests" name="testUpdateUserByName" time="1.519"/>
  <system-out/>
  <testcase classname="api.test.UserTests" name="testDeleteUserByName" time="1.534"/>
  <system-out/>
</testsuite> <!-- api.test.UserTests -->
