<?xml version="1.0" encoding="UTF-8"?>
<!-- Generated by org.testng.reporters.JUnitReportReporter -->
<testsuite hostname="DESKTOP-M320DHQ" failures="0" tests="8" name="api.test.DDTests" time="14.550" errors="0" timestamp="2024-06-17T15:14:48 IST" skipped="0">
  <testcase classname="api.test.DDTests" name="testPostuser" time="1.534"/>
  <system-out/>
  <testcase classname="api.test.DDTests" name="testPostuser" time="4.421"/>
  <system-out/>
  <testcase classname="api.test.DDTests" name="testPostuser" time="1.372"/>
  <system-out/>
  <testcase classname="api.test.DDTests" name="testPostuser" time="1.433"/>
  <system-out/>
  <testcase classname="api.test.DDTests" name="testDeleteUserByName" time="1.517"/>
  <system-out/>
  <testcase classname="api.test.DDTests" name="testDeleteUserByName" time="1.413"/>
  <system-out/>
  <testcase classname="api.test.DDTests" name="testDeleteUserByName" time="1.415"/>
  <system-out/>
  <testcase classname="api.test.DDTests" name="testDeleteUserByName" time="1.445"/>
  <system-out/>
</testsuite> <!-- api.test.DDTests -->
