<?xml version="1.0" encoding="UTF-8"?>
<!-- Generated by org.testng.reporters.JUnitReportReporter -->
<testsuite hostname="DESKTOP-M320DHQ" failures="0" tests="4" name="api.test.UserTests2" time="9.130" errors="0" timestamp="2024-06-19T23:07:36 IST" skipped="0">
  <testcase classname="api.test.UserTests2" name="testPostUser" time="4.444"/>
  <system-out/>
  <testcase classname="api.test.UserTests2" name="testGetUserByName" time="1.619"/>
  <system-out/>
  <testcase classname="api.test.UserTests2" name="testUpdateUserByName" time="1.535"/>
  <system-out/>
  <testcase classname="api.test.UserTests2" name="testDeleteUserByName" time="1.532"/>
  <system-out/>
</testsuite> <!-- api.test.UserTests2 -->
